[debug] [2023-08-26T05:39:13.843Z] ----------------------------------------------------------------------
[debug] [2023-08-26T05:39:13.845Z] Command:       C:\Program Files\nodejs\node.exe C:\Users\DHARMIK JIKADRA\AppData\Roaming\npm\node_modules\firebase-tools\lib\bin\firebase.js init
[debug] [2023-08-26T05:39:13.845Z] CLI Version:   12.5.2
[debug] [2023-08-26T05:39:13.846Z] Platform:      win32
[debug] [2023-08-26T05:39:13.846Z] Node Version:  v18.16.1
[debug] [2023-08-26T05:39:13.847Z] Time:          Sat Aug 26 2023 11:09:13 GMT+0530 (India Standard Time)
[debug] [2023-08-26T05:39:13.847Z] ----------------------------------------------------------------------
[debug] 
[debug] [2023-08-26T05:39:13.855Z] > command requires scopes: ["email","openid","https://www.googleapis.com/auth/cloudplatformprojects.readonly","https://www.googleapis.com/auth/firebase","https://www.googleapis.com/auth/cloud-platform"]
[debug] [2023-08-26T05:39:13.855Z] > authorizing via signed-in user (dharmik98572@gmail.com)
[info] 
     ######## #### ########  ######## ########     ###     ######  ########
     ##        ##  ##     ## ##       ##     ##  ##   ##  ##       ##
     ######    ##  ########  ######   ########  #########  ######  ######
     ##        ##  ##    ##  ##       ##     ## ##     ##       ## ##
     ##       #### ##     ## ######## ########  ##     ##  ######  ########

You're about to initialize a Firebase project in this directory:

  C:\Users\DHARMIK JIKADRA\Downloads\BCA\Angular\webRTC

[info] 
=== Project Setup
[info] 
[info] First, let's associate this project directory with a Firebase project.
[info] You can create multiple project aliases by running firebase use --add, 
[info] but for now we'll just set up a default project.
[info] 
[debug] [2023-08-26T05:39:26.861Z] >>> [apiv2][query] GET https://firebase.googleapis.com/v1beta1/projects pageSize=100
[debug] [2023-08-26T05:39:27.846Z] <<< [apiv2][status] GET https://firebase.googleapis.com/v1beta1/projects 200
[debug] [2023-08-26T05:39:27.847Z] <<< [apiv2][body] GET https://firebase.googleapis.com/v1beta1/projects [omitted]
[info] i  Using project webrtc-fc960 (WebRTC) 
[info] 
=== Hosting Setup
[info] 
[info] Your public directory is the folder (relative to your project directory) that
[info] will contain Hosting assets to be uploaded with firebase deploy. If you
[info] have a build process for your assets, use your build's output directory.
[info] 
[debug] [2023-08-26T05:40:30.661Z] >>> [apiv2][query] GET https://www.gstatic.com/firebasejs/releases.json [none]
[debug] [2023-08-26T05:40:30.823Z] <<< [apiv2][status] GET https://www.gstatic.com/firebasejs/releases.json 200
[debug] [2023-08-26T05:40:30.824Z] <<< [apiv2][body] GET https://www.gstatic.com/firebasejs/releases.json {"current":{"version":"10.3.0","browserURL":"https://www.gstatic.com/firebasejs/10.3.0/firebase.js","packageURL":"https://www.gstatic.com/firebasejs/10.3.0/firebase.tgz"},"live":{"version":"10.3","browserURL":"https://www.gstatic.com/firebasejs/live/10.3/firebase.js","packageURL":"https://www.gstatic.com/firebasejs/live/10.3/firebase.tgz"},"components":{"analytics":"https://www.gstatic.com/firebasejs/10.3.0/firebase-analytics.js","app":"https://www.gstatic.com/firebasejs/10.3.0/firebase-app.js","app-check":"https://www.gstatic.com/firebasejs/10.3.0/firebase-app-check.js","auth":"https://www.gstatic.com/firebasejs/10.3.0/firebase-auth.js","auth/cordova":"https://www.gstatic.com/firebasejs/10.3.0/firebase-auth/cordova.js","functions":"https://www.gstatic.com/firebasejs/10.3.0/firebase-functions.js","firestore":"https://www.gstatic.com/firebasejs/10.3.0/firebase-firestore.js","firestore/lite":"https://www.gstatic.com/firebasejs/10.3.0/firebase-firestore/lite.js","installations":"https://www.gstatic.com/firebasejs/10.3.0/firebase-installations.js","storage":"https://www.gstatic.com/firebasejs/10.3.0/firebase-storage.js","performance":"https://www.gstatic.com/firebasejs/10.3.0/firebase-performance.js","remote-config":"https://www.gstatic.com/firebasejs/10.3.0/firebase-remote-config.js","messaging":"https://www.gstatic.com/firebasejs/10.3.0/firebase-messaging.js","messaging/sw":"https://www.gstatic.com/firebasejs/10.3.0/firebase-messaging/sw.js","database":"https://www.gstatic.com/firebasejs/10.3.0/firebase-database.js","firestore.memory":"https://www.gstatic.com/firebasejs/10.3.0/firebase-firestore.memory.js"}}
[info] +  Wrote dist/webRTC/index.html 
[info] 
[info] i  Detected a .git folder at C:\Users\DHARMIK JIKADRA\Downloads\BCA\Angular\webRTC 
[info] i  Authorizing with GitHub to upload your service account to a GitHub repository's secrets store. 
[info] 
[info] Visit this URL on this device to log in:
[info] https://github.com/login/oauth/authorize?client_id=89cf50f02ac6aaed3484&state=56653669&redirect_uri=http%3A%2F%2Flocalhost%3A9005&scope=read%3Auser%20repo%20public_repo
[info] 
[info] Waiting for authentication...
[debug] [2023-08-26T05:40:45.194Z] >>> [apiv2][query] POST https://github.com/login/oauth/access_token [none]
[debug] [2023-08-26T05:40:45.195Z] >>> [apiv2][body] POST https://github.com/login/oauth/access_token [stream]
[debug] [2023-08-26T05:40:45.609Z] <<< [apiv2][status] POST https://github.com/login/oauth/access_token 200
[debug] [2023-08-26T05:40:45.609Z] <<< [apiv2][body] POST https://github.com/login/oauth/access_token {"access_token":"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","token_type":"bearer","scope":"read:user,repo"}
[debug] [2023-08-26T05:40:45.627Z] >>> [apiv2][query] GET https://api.github.com/user [none]
[debug] [2023-08-26T05:40:46.067Z] <<< [apiv2][status] GET https://api.github.com/user 200
[debug] [2023-08-26T05:40:46.068Z] <<< [apiv2][body] GET https://api.github.com/user {"login":"mrdharmik","id":88076760,"node_id":"MDQ6VXNlcjg4MDc2NzYw","avatar_url":"https://avatars.githubusercontent.com/u/88076760?v=4","gravatar_id":"","url":"https://api.github.com/users/mrdharmik","html_url":"https://github.com/mrdharmik","followers_url":"https://api.github.com/users/mrdharmik/followers","following_url":"https://api.github.com/users/mrdharmik/following{/other_user}","gists_url":"https://api.github.com/users/mrdharmik/gists{/gist_id}","starred_url":"https://api.github.com/users/mrdharmik/starred{/owner}{/repo}","subscriptions_url":"https://api.github.com/users/mrdharmik/subscriptions","organizations_url":"https://api.github.com/users/mrdharmik/orgs","repos_url":"https://api.github.com/users/mrdharmik/repos","events_url":"https://api.github.com/users/mrdharmik/events{/privacy}","received_events_url":"https://api.github.com/users/mrdharmik/received_events","type":"User","site_admin":false,"name":null,"company":null,"blog":"","location":null,"email":null,"hireable":null,"bio":null,"twitter_username":null,"public_repos":4,"public_gists":0,"followers":0,"following":0,"created_at":"2021-07-28T06:28:00Z","updated_at":"2022-08-15T09:19:38Z","private_gists":0,"total_private_repos":0,"owned_private_repos":0,"disk_usage":779,"collaborators":0,"two_factor_authentication":false,"plan":{"name":"free","space":976562499,"collaborators":0,"private_repos":10000}}
[info] 
[info] +  Success! Logged into GitHub as mrdharmik 
[info] 
